<?xml version="1.0" encoding="UTF-8"?>
<testsuite name="org.example.AppTest" tests="1" skipped="0" failures="0" errors="0" timestamp="2025-10-22T06:46:54" hostname="LAIRON" time="0.008">
  <properties/>
  <testcase name="appHasAGreeting()" classname="org.example.AppTest" time="0.008"/>
  <system-out><![CDATA[]]></system-out>
  <system-err><![CDATA[]]></system-err>
</testsuite>
